[26-Nov-2017 06:03:52 UTC] hey
[26-Nov-2017 06:03:52 UTC] Array
(
)

[26-Nov-2017 06:05:28 UTC] hey
[26-Nov-2017 06:05:28 UTC] Array
(
    [mc_gross] => 376.00
    [invoice] => 37
    [protection_eligibility] => Eligible
    [address_status] => confirmed
    [item_number1] => 1
    [payer_id] => VA2WTXUWRG39N
    [address_street] => 71566176 Sky E137 S
    [payment_date] => 22:05:10 Nov 25, 2017 PST
    [payment_status] => Completed
    [charset] => Big5
    [address_zip] => W185744
    [first_name] => test
    [mc_fee] => 15.13
    [address_country_code] => HK
    [address_name] => buyer test
    [notify_version] => 3.8
    [custom] => b1a464ddcff5da715ba603c70499beab14698a5f
    [payer_status] => verified
    [business] => 497653881-facilitator@qq.com
    [address_country] => Hong Kong
    [num_cart_items] => 1
    [address_city] => Posta
    [verify_sign] => AwD4sJJmdrzDKNGw7KMAMuZSx1AHAZ4Mi6nnFR1n.hzEss2p-CA-YNuF
    [payer_email] => 497653881-buyer@qq.com
    [txn_id] => 2XH546847X2142422
    [payment_type] => instant
    [last_name] => buyer
    [address_state] => Libisia
    [item_name1] => PUBG
    [receiver_email] => 497653881-facilitator@qq.com
    [payment_fee] => 
    [quantity1] => 2
    [receiver_id] => 7B8LTC6MYMVQA
    [txn_type] => cart
    [mc_gross_1] => 376.00
    [mc_currency] => HKD
    [residence_country] => HK
    [test_ipn] => 1
    [transaction_subject] => 
    [payment_gross] => 
    [ipn_track_id] => 979ac6964f42f
)

[26-Nov-2017 06:05:29 UTC] Completed
[26-Nov-2017 06:05:29 UTC] test invoice: 37
[26-Nov-2017 06:05:29 UTC] correct email
[26-Nov-2017 06:05:29 UTC] salt:2098468070389748492
[26-Nov-2017 06:05:29 UTC] the i=1
[26-Nov-2017 06:05:29 UTC] prod pid=1 its qty=2 its $=376
[26-Nov-2017 06:05:29 UTC] list_combine:1,2 pids=1 qtys=2 price=376
[26-Nov-2017 06:05:29 UTC] priceStr=376 ttprice=376
[26-Nov-2017 06:05:29 UTC] traction ID:2XH546847X2142422
[26-Nov-2017 06:05:29 UTC] 497653881-facilitator@qq.comLive-VERIFIED IPNmc_gross = 376.00

invoice = 37

protection_eligibility = Eligible

address_status = confirmed

item_number1 = 1

payer_id = VA2WTXUWRG39N

address_street = 71566176 Sky E137 S

payment_date = 22:05:10 Nov 25, 2017 PST

payment_status = Completed

charset = Big5

address_zip = W185744

first_name = test

mc_fee = 15.13

address_country_code = HK

address_name = buyer test

notify_version = 3.8

custom = b1a464ddcff5da715ba603c70499beab14698a5f

payer_status = verified

business = 497653881-facilitator@qq.com

address_country = Hong Kong

num_cart_items = 1

address_city = Posta

verify_sign = AwD4sJJmdrzDKNGw7KMAMuZSx1AHAZ4Mi6nnFR1n.hzEss2p-CA-YNuF

payer_email = 497653881-buyer@qq.com

txn_id = 2XH546847X2142422

payment_type = instant

last_name = buyer

address_state = Libisia

item_name1 = PUBG

receiver_email = 497653881-facilitator@qq.com

payment_fee = 

quantity1 = 2

receiver_id = 7B8LTC6MYMVQA

txn_type = cart

mc_gross_1 = 376.00

mc_currency = HKD

residence_country = HK

test_ipn = 1

transaction_subject = 

payment_gross = 

ipn_track_id = 979ac6964f42f

\n\ncmd=_notify-validate&mc_gross=376.00&invoice=37&protection_eligibility=Eligible&address_status=confirmed&item_number1=1&payer_id=VA2WTXUWRG39N&address_street=71566176+Sky+E137+S&payment_date=22%3A05%3A10+Nov+25%2C+2017+PST&payment_status=Completed&charset=Big5&address_zip=W185744&first_name=test&mc_fee=15.13&address_country_code=HK&address_name=buyer+test&notify_version=3.8&custom=b1a464ddcff5da715ba603c70499beab14698a5f&payer_status=verified&business=497653881-facilitator%40qq.com&address_country=Hong+Kong&num_cart_items=1&address_city=Posta&verify_sign=AwD4sJJmdrzDKNGw7KMAMuZSx1AHAZ4Mi6nnFR1n.hzEss2p-CA-YNuF&payer_email=497653881-buyer%40qq.com&txn_id=2XH546847X2142422&payment_type=instant&last_name=buyer&address_state=Libisia&item_name1=PUBG&receiver_email=497653881-facilitator%40qq.com&payment_fee=&quantity1=2&receiver_id=7B8LTC6MYMVQA&txn_type=cart&mc_gross_1=376.00&mc_currency=HKD&residence_country=HK&test_ipn=1&transaction_subject=&payment_gross=&ipn_track_id=979ac6964f42f
[26-Nov-2017 09:19:27 UTC] hey
[26-Nov-2017 09:19:27 UTC] Array
(
    [mc_gross] => 99.00
    [invoice] => 38
    [protection_eligibility] => Eligible
    [address_status] => confirmed
    [item_number1] => 2
    [payer_id] => VA2WTXUWRG39N
    [address_street] => 71566176 Sky E137 S
    [payment_date] => 01:19:14 Nov 26, 2017 PST
    [payment_status] => Completed
    [charset] => Big5
    [address_zip] => W185744
    [first_name] => test
    [mc_fee] => 5.72
    [address_country_code] => HK
    [address_name] => buyer test
    [notify_version] => 3.8
    [custom] => ac808c1ea748f95a0addfdd2b3830257f25c0e5e
    [payer_status] => verified
    [business] => 497653881-facilitator@qq.com
    [address_country] => Hong Kong
    [num_cart_items] => 1
    [address_city] => Posta
    [verify_sign] => A1JYcSXh4sG5iQ-wl.3UZKoNqn.eAQ3ywQEBnTXmEWa9AzbeATiZR3Sw
    [payer_email] => 497653881-buyer@qq.com
    [txn_id] => 9VJ78456054089308
    [payment_type] => instant
    [last_name] => buyer
    [address_state] => Libisia
    [item_name1] => CSGO
    [receiver_email] => 497653881-facilitator@qq.com
    [payment_fee] => 
    [quantity1] => 1
    [receiver_id] => 7B8LTC6MYMVQA
    [txn_type] => cart
    [mc_gross_1] => 99.00
    [mc_currency] => HKD
    [residence_country] => HK
    [test_ipn] => 1
    [transaction_subject] => 
    [payment_gross] => 
    [ipn_track_id] => cf8d3486f074f
)

[26-Nov-2017 09:19:29 UTC] Completed
[26-Nov-2017 09:19:29 UTC] test invoice: 38
[26-Nov-2017 09:19:29 UTC] correct email
[26-Nov-2017 09:19:29 UTC] salt:7667297372031751360
[26-Nov-2017 09:19:29 UTC] the i=1
[26-Nov-2017 09:19:29 UTC] prod pid=2 its qty=1 its $=99
[26-Nov-2017 09:19:29 UTC] list_combine:2,1 pids=2 qtys=1 price=99
[26-Nov-2017 09:19:29 UTC] priceStr=99 ttprice=99
[26-Nov-2017 09:19:29 UTC] traction ID:9VJ78456054089308
[26-Nov-2017 09:19:29 UTC] 497653881-facilitator@qq.comLive-VERIFIED IPNmc_gross = 99.00

invoice = 38

protection_eligibility = Eligible

address_status = confirmed

item_number1 = 2

payer_id = VA2WTXUWRG39N

address_street = 71566176 Sky E137 S

payment_date = 01:19:14 Nov 26, 2017 PST

payment_status = Completed

charset = Big5

address_zip = W185744

first_name = test

mc_fee = 5.72

address_country_code = HK

address_name = buyer test

notify_version = 3.8

custom = ac808c1ea748f95a0addfdd2b3830257f25c0e5e

payer_status = verified

business = 497653881-facilitator@qq.com

address_country = Hong Kong

num_cart_items = 1

address_city = Posta

verify_sign = A1JYcSXh4sG5iQ-wl.3UZKoNqn.eAQ3ywQEBnTXmEWa9AzbeATiZR3Sw

payer_email = 497653881-buyer@qq.com

txn_id = 9VJ78456054089308

payment_type = instant

last_name = buyer

address_state = Libisia

item_name1 = CSGO

receiver_email = 497653881-facilitator@qq.com

payment_fee = 

quantity1 = 1

receiver_id = 7B8LTC6MYMVQA

txn_type = cart

mc_gross_1 = 99.00

mc_currency = HKD

residence_country = HK

test_ipn = 1

transaction_subject = 

payment_gross = 

ipn_track_id = cf8d3486f074f

\n\ncmd=_notify-validate&mc_gross=99.00&invoice=38&protection_eligibility=Eligible&address_status=confirmed&item_number1=2&payer_id=VA2WTXUWRG39N&address_street=71566176+Sky+E137+S&payment_date=01%3A19%3A14+Nov+26%2C+2017+PST&payment_status=Completed&charset=Big5&address_zip=W185744&first_name=test&mc_fee=5.72&address_country_code=HK&address_name=buyer+test&notify_version=3.8&custom=ac808c1ea748f95a0addfdd2b3830257f25c0e5e&payer_status=verified&business=497653881-facilitator%40qq.com&address_country=Hong+Kong&num_cart_items=1&address_city=Posta&verify_sign=A1JYcSXh4sG5iQ-wl.3UZKoNqn.eAQ3ywQEBnTXmEWa9AzbeATiZR3Sw&payer_email=497653881-buyer%40qq.com&txn_id=9VJ78456054089308&payment_type=instant&last_name=buyer&address_state=Libisia&item_name1=CSGO&receiver_email=497653881-facilitator%40qq.com&payment_fee=&quantity1=1&receiver_id=7B8LTC6MYMVQA&txn_type=cart&mc_gross_1=99.00&mc_currency=HKD&residence_country=HK&test_ipn=1&transaction_subject=&payment_gross=&ipn_track_id=cf8d3486f074f
[28-Nov-2017 10:45:40 UTC] hey
[28-Nov-2017 10:45:40 UTC] Array
(
    [mc_gross] => 260.00
    [invoice] => 15
    [protection_eligibility] => Eligible
    [address_status] => confirmed
    [item_number1] => 4
    [payer_id] => VA2WTXUWRG39N
    [address_street] => 71566176 Sky E137 S
    [payment_date] => 19:48:27 Nov 25, 2017 PST
    [payment_status] => Completed
    [charset] => Big5
    [address_zip] => W185744
    [first_name] => test
    [mc_fee] => 11.19
    [address_country_code] => HK
    [address_name] => buyer test
    [notify_version] => 3.8
    [custom] => c87eb4b834cbe37ba79ef0990ac50cdd4006ef2f
    [payer_status] => verified
    [business] => 497653881-facilitator@qq.com
    [address_country] => Hong Kong
    [num_cart_items] => 1
    [address_city] => Posta
    [verify_sign] => ALKy1VlP4TTkO-p7z.xyaShsSLyKAt2.tofSc0m-KpRLezZr9Lcb6lQr
    [payer_email] => 497653881-buyer@qq.com
    [txn_id] => 80W14357BA810430H
    [payment_type] => instant
    [last_name] => buyer
    [address_state] => Libisia
    [item_name1] => Divinity
    [receiver_email] => 497653881-facilitator@qq.com
    [payment_fee] => 
    [quantity1] => 1
    [receiver_id] => 7B8LTC6MYMVQA
    [txn_type] => cart
    [mc_gross_1] => 260.00
    [mc_currency] => HKD
    [residence_country] => HK
    [test_ipn] => 1
    [transaction_subject] => 
    [payment_gross] => 
    [ipn_track_id] => 7b1d2b1ee42e
)

[28-Nov-2017 10:45:42 UTC] Completed
[28-Nov-2017 10:45:42 UTC] test invoice: 15
[28-Nov-2017 10:45:42 UTC] correct email
[28-Nov-2017 10:45:42 UTC] salt:1903003754376665630
[28-Nov-2017 10:45:42 UTC] the i=1
[28-Nov-2017 10:45:42 UTC] prod pid=4 its qty=1 its $=260
[28-Nov-2017 10:45:42 UTC] list_combine:4,1 pids=4 qtys=1 price=260
[28-Nov-2017 10:45:42 UTC] priceStr=260 ttprice=260
[28-Nov-2017 10:45:42 UTC] digest_not_match!!!
[28-Nov-2017 10:45:42 UTC] 497653881-facilitator@qq.comLive-VERIFIED IPNmc_gross = 260.00

invoice = 15

protection_eligibility = Eligible

address_status = confirmed

item_number1 = 4

payer_id = VA2WTXUWRG39N

address_street = 71566176 Sky E137 S

payment_date = 19:48:27 Nov 25, 2017 PST

payment_status = Completed

charset = Big5

address_zip = W185744

first_name = test

mc_fee = 11.19

address_country_code = HK

address_name = buyer test

notify_version = 3.8

custom = c87eb4b834cbe37ba79ef0990ac50cdd4006ef2f

payer_status = verified

business = 497653881-facilitator@qq.com

address_country = Hong Kong

num_cart_items = 1

address_city = Posta

verify_sign = ALKy1VlP4TTkO-p7z.xyaShsSLyKAt2.tofSc0m-KpRLezZr9Lcb6lQr

payer_email = 497653881-buyer@qq.com

txn_id = 80W14357BA810430H

payment_type = instant

last_name = buyer

address_state = Libisia

item_name1 = Divinity

receiver_email = 497653881-facilitator@qq.com

payment_fee = 

quantity1 = 1

receiver_id = 7B8LTC6MYMVQA

txn_type = cart

mc_gross_1 = 260.00

mc_currency = HKD

residence_country = HK

test_ipn = 1

transaction_subject = 

payment_gross = 

ipn_track_id = 7b1d2b1ee42e

\n\ncmd=_notify-validate&mc_gross=260.00&invoice=15&protection_eligibility=Eligible&address_status=confirmed&item_number1=4&payer_id=VA2WTXUWRG39N&address_street=71566176+Sky+E137+S&payment_date=19%3A48%3A27+Nov+25%2C+2017+PST&payment_status=Completed&charset=Big5&address_zip=W185744&first_name=test&mc_fee=11.19&address_country_code=HK&address_name=buyer+test&notify_version=3.8&custom=c87eb4b834cbe37ba79ef0990ac50cdd4006ef2f&payer_status=verified&business=497653881-facilitator%40qq.com&address_country=Hong+Kong&num_cart_items=1&address_city=Posta&verify_sign=ALKy1VlP4TTkO-p7z.xyaShsSLyKAt2.tofSc0m-KpRLezZr9Lcb6lQr&payer_email=497653881-buyer%40qq.com&txn_id=80W14357BA810430H&payment_type=instant&last_name=buyer&address_state=Libisia&item_name1=Divinity&receiver_email=497653881-facilitator%40qq.com&payment_fee=&quantity1=1&receiver_id=7B8LTC6MYMVQA&txn_type=cart&mc_gross_1=260.00&mc_currency=HKD&residence_country=HK&test_ipn=1&transaction_subject=&payment_gross=&ipn_track_id=7b1d2b1ee42e
[28-Nov-2017 14:16:16 UTC] hey
[28-Nov-2017 14:16:16 UTC] Array
(
    [mc_gross] => 520.00
    [invoice] => 18
    [protection_eligibility] => Eligible
    [address_status] => confirmed
    [item_number1] => 4
    [payer_id] => VA2WTXUWRG39N
    [address_street] => 71566176 Sky E137 S
    [payment_date] => 20:11:31 Nov 25, 2017 PST
    [payment_status] => Completed
    [charset] => Big5
    [address_zip] => W185744
    [first_name] => test
    [mc_fee] => 20.03
    [address_country_code] => HK
    [address_name] => buyer test
    [notify_version] => 3.8
    [custom] => c1a2486f1a4a7d306e40c3df3861b53fea6df794
    [payer_status] => verified
    [business] => 497653881-facilitator@qq.com
    [address_country] => Hong Kong
    [num_cart_items] => 1
    [address_city] => Posta
    [verify_sign] => ArgX1JoEl.LNTJ5nkTmgzkfLaDiVAGgaJT7jxRxxLz2sU5BudoEkZUOZ
    [payer_email] => 497653881-buyer@qq.com
    [txn_id] => 5G888282S8547392S
    [payment_type] => instant
    [last_name] => buyer
    [address_state] => Libisia
    [item_name1] => Divinity
    [receiver_email] => 497653881-facilitator@qq.com
    [payment_fee] => 
    [quantity1] => 2
    [receiver_id] => 7B8LTC6MYMVQA
    [txn_type] => cart
    [mc_gross_1] => 520.00
    [mc_currency] => HKD
    [residence_country] => HK
    [test_ipn] => 1
    [transaction_subject] => 
    [payment_gross] => 
    [ipn_track_id] => d7d6382b9d28d
)

[28-Nov-2017 14:16:17 UTC] Completed
[28-Nov-2017 14:16:17 UTC] test invoice: 18
[28-Nov-2017 14:16:17 UTC] correct email
[28-Nov-2017 14:16:17 UTC] salt:18655945031820586963
[28-Nov-2017 14:16:17 UTC] the i=1
[28-Nov-2017 14:16:17 UTC] prod pid=4 its qty=2 its $=520
[28-Nov-2017 14:16:17 UTC] list_combine:4,2 pids=4 qtys=2 price=520
[28-Nov-2017 14:16:17 UTC] priceStr=520 ttprice=520
[28-Nov-2017 14:16:17 UTC] digest_not_match!!!
[28-Nov-2017 14:16:17 UTC] 497653881-facilitator@qq.comLive-VERIFIED IPNmc_gross = 520.00

invoice = 18

protection_eligibility = Eligible

address_status = confirmed

item_number1 = 4

payer_id = VA2WTXUWRG39N

address_street = 71566176 Sky E137 S

payment_date = 20:11:31 Nov 25, 2017 PST

payment_status = Completed

charset = Big5

address_zip = W185744

first_name = test

mc_fee = 20.03

address_country_code = HK

address_name = buyer test

notify_version = 3.8

custom = c1a2486f1a4a7d306e40c3df3861b53fea6df794

payer_status = verified

business = 497653881-facilitator@qq.com

address_country = Hong Kong

num_cart_items = 1

address_city = Posta

verify_sign = ArgX1JoEl.LNTJ5nkTmgzkfLaDiVAGgaJT7jxRxxLz2sU5BudoEkZUOZ

payer_email = 497653881-buyer@qq.com

txn_id = 5G888282S8547392S

payment_type = instant

last_name = buyer

address_state = Libisia

item_name1 = Divinity

receiver_email = 497653881-facilitator@qq.com

payment_fee = 

quantity1 = 2

receiver_id = 7B8LTC6MYMVQA

txn_type = cart

mc_gross_1 = 520.00

mc_currency = HKD

residence_country = HK

test_ipn = 1

transaction_subject = 

payment_gross = 

ipn_track_id = d7d6382b9d28d

\n\ncmd=_notify-validate&mc_gross=520.00&invoice=18&protection_eligibility=Eligible&address_status=confirmed&item_number1=4&payer_id=VA2WTXUWRG39N&address_street=71566176+Sky+E137+S&payment_date=20%3A11%3A31+Nov+25%2C+2017+PST&payment_status=Completed&charset=Big5&address_zip=W185744&first_name=test&mc_fee=20.03&address_country_code=HK&address_name=buyer+test&notify_version=3.8&custom=c1a2486f1a4a7d306e40c3df3861b53fea6df794&payer_status=verified&business=497653881-facilitator%40qq.com&address_country=Hong+Kong&num_cart_items=1&address_city=Posta&verify_sign=ArgX1JoEl.LNTJ5nkTmgzkfLaDiVAGgaJT7jxRxxLz2sU5BudoEkZUOZ&payer_email=497653881-buyer%40qq.com&txn_id=5G888282S8547392S&payment_type=instant&last_name=buyer&address_state=Libisia&item_name1=Divinity&receiver_email=497653881-facilitator%40qq.com&payment_fee=&quantity1=2&receiver_id=7B8LTC6MYMVQA&txn_type=cart&mc_gross_1=520.00&mc_currency=HKD&residence_country=HK&test_ipn=1&transaction_subject=&payment_gross=&ipn_track_id=d7d6382b9d28d
[28-Nov-2017 14:16:17 UTC] hey
[28-Nov-2017 14:16:17 UTC] Array
(
    [mc_gross] => 520.00
    [invoice] => 19
    [protection_eligibility] => Eligible
    [address_status] => confirmed
    [item_number1] => 4
    [payer_id] => VA2WTXUWRG39N
    [address_street] => 71566176 Sky E137 S
    [payment_date] => 20:19:53 Nov 25, 2017 PST
    [payment_status] => Completed
    [charset] => Big5
    [address_zip] => W185744
    [first_name] => test
    [mc_fee] => 20.03
    [address_country_code] => HK
    [address_name] => buyer test
    [notify_version] => 3.8
    [custom] => fe9e689355c0d2aff3e209e156116a252c62c38b
    [payer_status] => verified
    [business] => 497653881-facilitator@qq.com
    [address_country] => Hong Kong
    [num_cart_items] => 1
    [address_city] => Posta
    [verify_sign] => Ai.5bQT0IEOAwZz0G2AWlZ32DvJdAW5Z5Gf99aQNCmbp5mTpJNMJjONf
    [payer_email] => 497653881-buyer@qq.com
    [txn_id] => 7GH76836GM006080Y
    [payment_type] => instant
    [last_name] => buyer
    [address_state] => Libisia
    [item_name1] => Divinity
    [receiver_email] => 497653881-facilitator@qq.com
    [payment_fee] => 
    [quantity1] => 2
    [receiver_id] => 7B8LTC6MYMVQA
    [txn_type] => cart
    [mc_gross_1] => 520.00
    [mc_currency] => HKD
    [residence_country] => HK
    [test_ipn] => 1
    [transaction_subject] => 
    [payment_gross] => 
    [ipn_track_id] => f32cc9ce98656
)

[28-Nov-2017 14:16:18 UTC] Completed
[28-Nov-2017 14:16:18 UTC] test invoice: 19
[28-Nov-2017 14:16:18 UTC] correct email
[28-Nov-2017 14:16:18 UTC] salt:104186429473761620
[28-Nov-2017 14:16:18 UTC] the i=1
[28-Nov-2017 14:16:18 UTC] prod pid=4 its qty=2 its $=520
[28-Nov-2017 14:16:18 UTC] list_combine:4,2 pids=4 qtys=2 price=520
[28-Nov-2017 14:16:18 UTC] priceStr=520 ttprice=520
[28-Nov-2017 14:16:18 UTC] digest_not_match!!!
[28-Nov-2017 14:16:18 UTC] 497653881-facilitator@qq.comLive-VERIFIED IPNmc_gross = 520.00

invoice = 19

protection_eligibility = Eligible

address_status = confirmed

item_number1 = 4

payer_id = VA2WTXUWRG39N

address_street = 71566176 Sky E137 S

payment_date = 20:19:53 Nov 25, 2017 PST

payment_status = Completed

charset = Big5

address_zip = W185744

first_name = test

mc_fee = 20.03

address_country_code = HK

address_name = buyer test

notify_version = 3.8

custom = fe9e689355c0d2aff3e209e156116a252c62c38b

payer_status = verified

business = 497653881-facilitator@qq.com

address_country = Hong Kong

num_cart_items = 1

address_city = Posta

verify_sign = Ai.5bQT0IEOAwZz0G2AWlZ32DvJdAW5Z5Gf99aQNCmbp5mTpJNMJjONf

payer_email = 497653881-buyer@qq.com

txn_id = 7GH76836GM006080Y

payment_type = instant

last_name = buyer

address_state = Libisia

item_name1 = Divinity

receiver_email = 497653881-facilitator@qq.com

payment_fee = 

quantity1 = 2

receiver_id = 7B8LTC6MYMVQA

txn_type = cart

mc_gross_1 = 520.00

mc_currency = HKD

residence_country = HK

test_ipn = 1

transaction_subject = 

payment_gross = 

ipn_track_id = f32cc9ce98656

\n\ncmd=_notify-validate&mc_gross=520.00&invoice=19&protection_eligibility=Eligible&address_status=confirmed&item_number1=4&payer_id=VA2WTXUWRG39N&address_street=71566176+Sky+E137+S&payment_date=20%3A19%3A53+Nov+25%2C+2017+PST&payment_status=Completed&charset=Big5&address_zip=W185744&first_name=test&mc_fee=20.03&address_country_code=HK&address_name=buyer+test&notify_version=3.8&custom=fe9e689355c0d2aff3e209e156116a252c62c38b&payer_status=verified&business=497653881-facilitator%40qq.com&address_country=Hong+Kong&num_cart_items=1&address_city=Posta&verify_sign=Ai.5bQT0IEOAwZz0G2AWlZ32DvJdAW5Z5Gf99aQNCmbp5mTpJNMJjONf&payer_email=497653881-buyer%40qq.com&txn_id=7GH76836GM006080Y&payment_type=instant&last_name=buyer&address_state=Libisia&item_name1=Divinity&receiver_email=497653881-facilitator%40qq.com&payment_fee=&quantity1=2&receiver_id=7B8LTC6MYMVQA&txn_type=cart&mc_gross_1=520.00&mc_currency=HKD&residence_country=HK&test_ipn=1&transaction_subject=&payment_gross=&ipn_track_id=f32cc9ce98656
[28-Nov-2017 16:29:08 UTC] hey
[28-Nov-2017 16:29:08 UTC] Array
(
    [mc_gross] => 520.00
    [invoice] => 21
    [protection_eligibility] => Eligible
    [address_status] => confirmed
    [item_number1] => 4
    [payer_id] => VA2WTXUWRG39N
    [address_street] => 71566176 Sky E137 S
    [payment_date] => 20:25:24 Nov 25, 2017 PST
    [payment_status] => Completed
    [charset] => Big5
    [address_zip] => W185744
    [first_name] => test
    [mc_fee] => 20.03
    [address_country_code] => HK
    [address_name] => buyer test
    [notify_version] => 3.8
    [custom] => b7511fd82c9e65bb0e78ca6f6db626dc8000128c
    [payer_status] => verified
    [business] => 497653881-facilitator@qq.com
    [address_country] => Hong Kong
    [num_cart_items] => 1
    [address_city] => Posta
    [verify_sign] => AcE2uah9fzGQIYibH799J4hdOjH.AK48lZVWbE98gZftE4p6BfBVx3R4
    [payer_email] => 497653881-buyer@qq.com
    [txn_id] => 0EN89856XL286281L
    [payment_type] => instant
    [last_name] => buyer
    [address_state] => Libisia
    [item_name1] => Divinity
    [receiver_email] => 497653881-facilitator@qq.com
    [payment_fee] => 
    [quantity1] => 2
    [receiver_id] => 7B8LTC6MYMVQA
    [txn_type] => cart
    [mc_gross_1] => 520.00
    [mc_currency] => HKD
    [residence_country] => HK
    [test_ipn] => 1
    [transaction_subject] => 
    [payment_gross] => 
    [ipn_track_id] => 293c7578bf24c
)

[28-Nov-2017 16:29:09 UTC] Completed
[28-Nov-2017 16:29:09 UTC] test invoice: 21
[28-Nov-2017 16:29:09 UTC] correct email
[28-Nov-2017 16:29:09 UTC] salt:933904921852764402
[28-Nov-2017 16:29:09 UTC] the i=1
[28-Nov-2017 16:29:09 UTC] prod pid=4 its qty=2 its $=520
[28-Nov-2017 16:29:09 UTC] list_combine:4,2 pids=4 qtys=2 price=520
[28-Nov-2017 16:29:09 UTC] priceStr=520 ttprice=520
[28-Nov-2017 16:29:09 UTC] digest_not_match!!!
[28-Nov-2017 16:29:09 UTC] 497653881-facilitator@qq.comLive-VERIFIED IPNmc_gross = 520.00

invoice = 21

protection_eligibility = Eligible

address_status = confirmed

item_number1 = 4

payer_id = VA2WTXUWRG39N

address_street = 71566176 Sky E137 S

payment_date = 20:25:24 Nov 25, 2017 PST

payment_status = Completed

charset = Big5

address_zip = W185744

first_name = test

mc_fee = 20.03

address_country_code = HK

address_name = buyer test

notify_version = 3.8

custom = b7511fd82c9e65bb0e78ca6f6db626dc8000128c

payer_status = verified

business = 497653881-facilitator@qq.com

address_country = Hong Kong

num_cart_items = 1

address_city = Posta

verify_sign = AcE2uah9fzGQIYibH799J4hdOjH.AK48lZVWbE98gZftE4p6BfBVx3R4

payer_email = 497653881-buyer@qq.com

txn_id = 0EN89856XL286281L

payment_type = instant

last_name = buyer

address_state = Libisia

item_name1 = Divinity

receiver_email = 497653881-facilitator@qq.com

payment_fee = 

quantity1 = 2

receiver_id = 7B8LTC6MYMVQA

txn_type = cart

mc_gross_1 = 520.00

mc_currency = HKD

residence_country = HK

test_ipn = 1

transaction_subject = 

payment_gross = 

ipn_track_id = 293c7578bf24c

\n\ncmd=_notify-validate&mc_gross=520.00&invoice=21&protection_eligibility=Eligible&address_status=confirmed&item_number1=4&payer_id=VA2WTXUWRG39N&address_street=71566176+Sky+E137+S&payment_date=20%3A25%3A24+Nov+25%2C+2017+PST&payment_status=Completed&charset=Big5&address_zip=W185744&first_name=test&mc_fee=20.03&address_country_code=HK&address_name=buyer+test&notify_version=3.8&custom=b7511fd82c9e65bb0e78ca6f6db626dc8000128c&payer_status=verified&business=497653881-facilitator%40qq.com&address_country=Hong+Kong&num_cart_items=1&address_city=Posta&verify_sign=AcE2uah9fzGQIYibH799J4hdOjH.AK48lZVWbE98gZftE4p6BfBVx3R4&payer_email=497653881-buyer%40qq.com&txn_id=0EN89856XL286281L&payment_type=instant&last_name=buyer&address_state=Libisia&item_name1=Divinity&receiver_email=497653881-facilitator%40qq.com&payment_fee=&quantity1=2&receiver_id=7B8LTC6MYMVQA&txn_type=cart&mc_gross_1=520.00&mc_currency=HKD&residence_country=HK&test_ipn=1&transaction_subject=&payment_gross=&ipn_track_id=293c7578bf24c
[28-Nov-2017 16:29:12 UTC] hey
[28-Nov-2017 16:29:12 UTC] Array
(
    [mc_gross] => 1300.00
    [invoice] => 22
    [protection_eligibility] => Eligible
    [address_status] => confirmed
    [item_number1] => 4
    [payer_id] => VA2WTXUWRG39N
    [address_street] => 71566176 Sky E137 S
    [payment_date] => 20:36:22 Nov 25, 2017 PST
    [payment_status] => Completed
    [charset] => Big5
    [address_zip] => W185744
    [first_name] => test
    [mc_fee] => 46.55
    [address_country_code] => HK
    [address_name] => buyer test
    [notify_version] => 3.8
    [custom] => 474d5df2fb646ec7b3596f36e7c9c63619f06122
    [payer_status] => verified
    [business] => 497653881-facilitator@qq.com
    [address_country] => Hong Kong
    [num_cart_items] => 1
    [address_city] => Posta
    [verify_sign] => AB8uKJ-cgis5XVZJfu8yXdO6dhrpAAKpjJJ6AJq5Dh0tL3el7xc.YN5w
    [payer_email] => 497653881-buyer@qq.com
    [txn_id] => 3PL56634GE037633Y
    [payment_type] => instant
    [last_name] => buyer
    [address_state] => Libisia
    [item_name1] => Divinity
    [receiver_email] => 497653881-facilitator@qq.com
    [payment_fee] => 
    [quantity1] => 5
    [receiver_id] => 7B8LTC6MYMVQA
    [txn_type] => cart
    [mc_gross_1] => 1300.00
    [mc_currency] => HKD
    [residence_country] => HK
    [test_ipn] => 1
    [transaction_subject] => 
    [payment_gross] => 
    [ipn_track_id] => 63e50a5f93528
)

[28-Nov-2017 16:29:13 UTC] Completed
[28-Nov-2017 16:29:13 UTC] test invoice: 22
[28-Nov-2017 16:29:13 UTC] correct email
[28-Nov-2017 16:29:13 UTC] salt:9321822431311637688
[28-Nov-2017 16:29:13 UTC] the i=1
[28-Nov-2017 16:29:13 UTC] prod pid=4 its qty=5 its $=1300
[28-Nov-2017 16:29:13 UTC] list_combine:4,5 pids=4 qtys=5 price=1300
[28-Nov-2017 16:29:13 UTC] priceStr=1300 ttprice=1300
[28-Nov-2017 16:29:13 UTC] digest_not_match!!!
[28-Nov-2017 16:29:13 UTC] 497653881-facilitator@qq.comLive-VERIFIED IPNmc_gross = 1300.00

invoice = 22

protection_eligibility = Eligible

address_status = confirmed

item_number1 = 4

payer_id = VA2WTXUWRG39N

address_street = 71566176 Sky E137 S

payment_date = 20:36:22 Nov 25, 2017 PST

payment_status = Completed

charset = Big5

address_zip = W185744

first_name = test

mc_fee = 46.55

address_country_code = HK

address_name = buyer test

notify_version = 3.8

custom = 474d5df2fb646ec7b3596f36e7c9c63619f06122

payer_status = verified

business = 497653881-facilitator@qq.com

address_country = Hong Kong

num_cart_items = 1

address_city = Posta

verify_sign = AB8uKJ-cgis5XVZJfu8yXdO6dhrpAAKpjJJ6AJq5Dh0tL3el7xc.YN5w

payer_email = 497653881-buyer@qq.com

txn_id = 3PL56634GE037633Y

payment_type = instant

last_name = buyer

address_state = Libisia

item_name1 = Divinity

receiver_email = 497653881-facilitator@qq.com

payment_fee = 

quantity1 = 5

receiver_id = 7B8LTC6MYMVQA

txn_type = cart

mc_gross_1 = 1300.00

mc_currency = HKD

residence_country = HK

test_ipn = 1

transaction_subject = 

payment_gross = 

ipn_track_id = 63e50a5f93528

\n\ncmd=_notify-validate&mc_gross=1300.00&invoice=22&protection_eligibility=Eligible&address_status=confirmed&item_number1=4&payer_id=VA2WTXUWRG39N&address_street=71566176+Sky+E137+S&payment_date=20%3A36%3A22+Nov+25%2C+2017+PST&payment_status=Completed&charset=Big5&address_zip=W185744&first_name=test&mc_fee=46.55&address_country_code=HK&address_name=buyer+test&notify_version=3.8&custom=474d5df2fb646ec7b3596f36e7c9c63619f06122&payer_status=verified&business=497653881-facilitator%40qq.com&address_country=Hong+Kong&num_cart_items=1&address_city=Posta&verify_sign=AB8uKJ-cgis5XVZJfu8yXdO6dhrpAAKpjJJ6AJq5Dh0tL3el7xc.YN5w&payer_email=497653881-buyer%40qq.com&txn_id=3PL56634GE037633Y&payment_type=instant&last_name=buyer&address_state=Libisia&item_name1=Divinity&receiver_email=497653881-facilitator%40qq.com&payment_fee=&quantity1=5&receiver_id=7B8LTC6MYMVQA&txn_type=cart&mc_gross_1=1300.00&mc_currency=HKD&residence_country=HK&test_ipn=1&transaction_subject=&payment_gross=&ipn_track_id=63e50a5f93528
[28-Nov-2017 18:54:26 UTC] hey
[28-Nov-2017 18:54:26 UTC] Array
(
    [mc_gross] => 188.00
    [invoice] => 29
    [protection_eligibility] => Eligible
    [address_status] => confirmed
    [item_number1] => 1
    [payer_id] => VA2WTXUWRG39N
    [address_street] => 71566176 Sky E137 S
    [payment_date] => 20:57:35 Nov 25, 2017 PST
    [payment_status] => Completed
    [charset] => Big5
    [address_zip] => W185744
    [first_name] => test
    [mc_fee] => 8.74
    [address_country_code] => HK
    [address_name] => buyer test
    [notify_version] => 3.8
    [custom] => 778141c58e0f821662c18bb89b941139d63a11b6
    [payer_status] => verified
    [business] => 497653881-facilitator@qq.com
    [address_country] => Hong Kong
    [num_cart_items] => 1
    [address_city] => Posta
    [verify_sign] => AKT9YF3SRMaJwCYrIl0ZYYCB3ktdAEtcnh5RAui.kWdVwmINz2d3uVsr
    [payer_email] => 497653881-buyer@qq.com
    [txn_id] => 0LN25164GJ4831320
    [payment_type] => instant
    [last_name] => buyer
    [address_state] => Libisia
    [item_name1] => PUBG
    [receiver_email] => 497653881-facilitator@qq.com
    [payment_fee] => 
    [quantity1] => 1
    [receiver_id] => 7B8LTC6MYMVQA
    [txn_type] => cart
    [mc_gross_1] => 188.00
    [mc_currency] => HKD
    [residence_country] => HK
    [test_ipn] => 1
    [transaction_subject] => 
    [payment_gross] => 
    [ipn_track_id] => 37e0b92b3d2
)

[28-Nov-2017 18:54:27 UTC] Completed
[28-Nov-2017 18:54:27 UTC] test invoice: 29
[28-Nov-2017 18:54:27 UTC] correct email
[28-Nov-2017 18:54:27 UTC] salt:1636786585563917735
[28-Nov-2017 18:54:27 UTC] the i=1
[28-Nov-2017 18:54:27 UTC] prod pid=1 its qty=1 its $=188
[28-Nov-2017 18:54:27 UTC] list_combine:1,1 pids=1 qtys=1 price=188
[28-Nov-2017 18:54:27 UTC] priceStr=188 ttprice=188
[28-Nov-2017 18:54:27 UTC] traction ID:0LN25164GJ4831320
[28-Nov-2017 18:54:27 UTC] 497653881-facilitator@qq.comLive-VERIFIED IPNmc_gross = 188.00

invoice = 29

protection_eligibility = Eligible

address_status = confirmed

item_number1 = 1

payer_id = VA2WTXUWRG39N

address_street = 71566176 Sky E137 S

payment_date = 20:57:35 Nov 25, 2017 PST

payment_status = Completed

charset = Big5

address_zip = W185744

first_name = test

mc_fee = 8.74

address_country_code = HK

address_name = buyer test

notify_version = 3.8

custom = 778141c58e0f821662c18bb89b941139d63a11b6

payer_status = verified

business = 497653881-facilitator@qq.com

address_country = Hong Kong

num_cart_items = 1

address_city = Posta

verify_sign = AKT9YF3SRMaJwCYrIl0ZYYCB3ktdAEtcnh5RAui.kWdVwmINz2d3uVsr

payer_email = 497653881-buyer@qq.com

txn_id = 0LN25164GJ4831320

payment_type = instant

last_name = buyer

address_state = Libisia

item_name1 = PUBG

receiver_email = 497653881-facilitator@qq.com

payment_fee = 

quantity1 = 1

receiver_id = 7B8LTC6MYMVQA

txn_type = cart

mc_gross_1 = 188.00

mc_currency = HKD

residence_country = HK

test_ipn = 1

transaction_subject = 

payment_gross = 

ipn_track_id = 37e0b92b3d2

\n\ncmd=_notify-validate&mc_gross=188.00&invoice=29&protection_eligibility=Eligible&address_status=confirmed&item_number1=1&payer_id=VA2WTXUWRG39N&address_street=71566176+Sky+E137+S&payment_date=20%3A57%3A35+Nov+25%2C+2017+PST&payment_status=Completed&charset=Big5&address_zip=W185744&first_name=test&mc_fee=8.74&address_country_code=HK&address_name=buyer+test&notify_version=3.8&custom=778141c58e0f821662c18bb89b941139d63a11b6&payer_status=verified&business=497653881-facilitator%40qq.com&address_country=Hong+Kong&num_cart_items=1&address_city=Posta&verify_sign=AKT9YF3SRMaJwCYrIl0ZYYCB3ktdAEtcnh5RAui.kWdVwmINz2d3uVsr&payer_email=497653881-buyer%40qq.com&txn_id=0LN25164GJ4831320&payment_type=instant&last_name=buyer&address_state=Libisia&item_name1=PUBG&receiver_email=497653881-facilitator%40qq.com&payment_fee=&quantity1=1&receiver_id=7B8LTC6MYMVQA&txn_type=cart&mc_gross_1=188.00&mc_currency=HKD&residence_country=HK&test_ipn=1&transaction_subject=&payment_gross=&ipn_track_id=37e0b92b3d2
[28-Nov-2017 18:54:31 UTC] hey
[28-Nov-2017 18:54:31 UTC] Array
(
    [mc_gross] => 119.00
    [invoice] => 30
    [protection_eligibility] => Eligible
    [address_status] => confirmed
    [item_number1] => 3
    [payer_id] => VA2WTXUWRG39N
    [address_street] => 71566176 Sky E137 S
    [payment_date] => 21:05:43 Nov 25, 2017 PST
    [payment_status] => Completed
    [charset] => Big5
    [address_zip] => W185744
    [first_name] => test
    [mc_fee] => 6.40
    [address_country_code] => HK
    [address_name] => buyer test
    [notify_version] => 3.8
    [custom] => dec6c010f47dbcc24e846020af10dca6ba113d42
    [payer_status] => verified
    [business] => 497653881-facilitator@qq.com
    [address_country] => Hong Kong
    [num_cart_items] => 1
    [address_city] => Posta
    [verify_sign] => A--8MSCLabuvN8L.-MHjxC9uypBtA8KZBUFN9nRjjLjwkh3dk46hIze-
    [payer_email] => 497653881-buyer@qq.com
    [txn_id] => 66Y81247297761538
    [payment_type] => instant
    [last_name] => buyer
    [address_state] => Libisia
    [item_name1] => H1Z1
    [receiver_email] => 497653881-facilitator@qq.com
    [payment_fee] => 
    [quantity1] => 1
    [receiver_id] => 7B8LTC6MYMVQA
    [txn_type] => cart
    [mc_gross_1] => 119.00
    [mc_currency] => HKD
    [residence_country] => HK
    [test_ipn] => 1
    [transaction_subject] => 
    [payment_gross] => 
    [ipn_track_id] => 66a7cbebc2228
)

[28-Nov-2017 18:54:32 UTC] Completed
[28-Nov-2017 18:54:32 UTC] test invoice: 30
[28-Nov-2017 18:54:32 UTC] correct email
[28-Nov-2017 18:54:32 UTC] salt:701792542329658540
[28-Nov-2017 18:54:32 UTC] the i=1
[28-Nov-2017 18:54:32 UTC] prod pid=3 its qty=1 its $=119
[28-Nov-2017 18:54:32 UTC] list_combine:3,1 pids=3 qtys=1 price=119
[28-Nov-2017 18:54:32 UTC] priceStr=119 ttprice=119
[28-Nov-2017 18:54:32 UTC] traction ID:66Y81247297761538
[28-Nov-2017 18:54:32 UTC] 497653881-facilitator@qq.comLive-VERIFIED IPNmc_gross = 119.00

invoice = 30

protection_eligibility = Eligible

address_status = confirmed

item_number1 = 3

payer_id = VA2WTXUWRG39N

address_street = 71566176 Sky E137 S

payment_date = 21:05:43 Nov 25, 2017 PST

payment_status = Completed

charset = Big5

address_zip = W185744

first_name = test

mc_fee = 6.40

address_country_code = HK

address_name = buyer test

notify_version = 3.8

custom = dec6c010f47dbcc24e846020af10dca6ba113d42

payer_status = verified

business = 497653881-facilitator@qq.com

address_country = Hong Kong

num_cart_items = 1

address_city = Posta

verify_sign = A--8MSCLabuvN8L.-MHjxC9uypBtA8KZBUFN9nRjjLjwkh3dk46hIze-

payer_email = 497653881-buyer@qq.com

txn_id = 66Y81247297761538

payment_type = instant

last_name = buyer

address_state = Libisia

item_name1 = H1Z1

receiver_email = 497653881-facilitator@qq.com

payment_fee = 

quantity1 = 1

receiver_id = 7B8LTC6MYMVQA

txn_type = cart

mc_gross_1 = 119.00

mc_currency = HKD

residence_country = HK

test_ipn = 1

transaction_subject = 

payment_gross = 

ipn_track_id = 66a7cbebc2228

\n\ncmd=_notify-validate&mc_gross=119.00&invoice=30&protection_eligibility=Eligible&address_status=confirmed&item_number1=3&payer_id=VA2WTXUWRG39N&address_street=71566176+Sky+E137+S&payment_date=21%3A05%3A43+Nov+25%2C+2017+PST&payment_status=Completed&charset=Big5&address_zip=W185744&first_name=test&mc_fee=6.40&address_country_code=HK&address_name=buyer+test&notify_version=3.8&custom=dec6c010f47dbcc24e846020af10dca6ba113d42&payer_status=verified&business=497653881-facilitator%40qq.com&address_country=Hong+Kong&num_cart_items=1&address_city=Posta&verify_sign=A--8MSCLabuvN8L.-MHjxC9uypBtA8KZBUFN9nRjjLjwkh3dk46hIze-&payer_email=497653881-buyer%40qq.com&txn_id=66Y81247297761538&payment_type=instant&last_name=buyer&address_state=Libisia&item_name1=H1Z1&receiver_email=497653881-facilitator%40qq.com&payment_fee=&quantity1=1&receiver_id=7B8LTC6MYMVQA&txn_type=cart&mc_gross_1=119.00&mc_currency=HKD&residence_country=HK&test_ipn=1&transaction_subject=&payment_gross=&ipn_track_id=66a7cbebc2228
[28-Nov-2017 18:54:36 UTC] hey
[28-Nov-2017 18:54:36 UTC] Array
(
    [mc_gross] => 260.00
    [invoice] => 31
    [protection_eligibility] => Eligible
    [address_status] => confirmed
    [item_number1] => 4
    [payer_id] => VA2WTXUWRG39N
    [address_street] => 71566176 Sky E137 S
    [payment_date] => 21:15:45 Nov 25, 2017 PST
    [payment_status] => Completed
    [charset] => Big5
    [address_zip] => W185744
    [first_name] => test
    [mc_fee] => 11.19
    [address_country_code] => HK
    [address_name] => buyer test
    [notify_version] => 3.8
    [custom] => 5adf5b9ac4a2704fe6827e03991735194a63b792
    [payer_status] => verified
    [business] => 497653881-facilitator@qq.com
    [address_country] => Hong Kong
    [num_cart_items] => 1
    [address_city] => Posta
    [verify_sign] => A2YnYs6LuOd-R8BHIdbWTA6xHgalApOlf9KmvbCvvpQciqqcvDwbJ8vy
    [payer_email] => 497653881-buyer@qq.com
    [txn_id] => 77C54438P5537972Y
    [payment_type] => instant
    [last_name] => buyer
    [address_state] => Libisia
    [item_name1] => Divinity
    [receiver_email] => 497653881-facilitator@qq.com
    [payment_fee] => 
    [quantity1] => 1
    [receiver_id] => 7B8LTC6MYMVQA
    [txn_type] => cart
    [mc_gross_1] => 260.00
    [mc_currency] => HKD
    [residence_country] => HK
    [test_ipn] => 1
    [transaction_subject] => 
    [payment_gross] => 
    [ipn_track_id] => be722ff095e4f
)

[28-Nov-2017 18:54:37 UTC] Completed
[28-Nov-2017 18:54:37 UTC] test invoice: 31
[28-Nov-2017 18:54:37 UTC] correct email
[28-Nov-2017 18:54:37 UTC] salt:3005566191174269805
[28-Nov-2017 18:54:37 UTC] the i=1
[28-Nov-2017 18:54:37 UTC] prod pid=4 its qty=1 its $=260
[28-Nov-2017 18:54:37 UTC] list_combine:4,1 pids=4 qtys=1 price=260
[28-Nov-2017 18:54:37 UTC] priceStr=260 ttprice=260
[28-Nov-2017 18:54:37 UTC] traction ID:77C54438P5537972Y
[28-Nov-2017 18:54:37 UTC] 497653881-facilitator@qq.comLive-VERIFIED IPNmc_gross = 260.00

invoice = 31

protection_eligibility = Eligible

address_status = confirmed

item_number1 = 4

payer_id = VA2WTXUWRG39N

address_street = 71566176 Sky E137 S

payment_date = 21:15:45 Nov 25, 2017 PST

payment_status = Completed

charset = Big5

address_zip = W185744

first_name = test

mc_fee = 11.19

address_country_code = HK

address_name = buyer test

notify_version = 3.8

custom = 5adf5b9ac4a2704fe6827e03991735194a63b792

payer_status = verified

business = 497653881-facilitator@qq.com

address_country = Hong Kong

num_cart_items = 1

address_city = Posta

verify_sign = A2YnYs6LuOd-R8BHIdbWTA6xHgalApOlf9KmvbCvvpQciqqcvDwbJ8vy

payer_email = 497653881-buyer@qq.com

txn_id = 77C54438P5537972Y

payment_type = instant

last_name = buyer

address_state = Libisia

item_name1 = Divinity

receiver_email = 497653881-facilitator@qq.com

payment_fee = 

quantity1 = 1

receiver_id = 7B8LTC6MYMVQA

txn_type = cart

mc_gross_1 = 260.00

mc_currency = HKD

residence_country = HK

test_ipn = 1

transaction_subject = 

payment_gross = 

ipn_track_id = be722ff095e4f

\n\ncmd=_notify-validate&mc_gross=260.00&invoice=31&protection_eligibility=Eligible&address_status=confirmed&item_number1=4&payer_id=VA2WTXUWRG39N&address_street=71566176+Sky+E137+S&payment_date=21%3A15%3A45+Nov+25%2C+2017+PST&payment_status=Completed&charset=Big5&address_zip=W185744&first_name=test&mc_fee=11.19&address_country_code=HK&address_name=buyer+test&notify_version=3.8&custom=5adf5b9ac4a2704fe6827e03991735194a63b792&payer_status=verified&business=497653881-facilitator%40qq.com&address_country=Hong+Kong&num_cart_items=1&address_city=Posta&verify_sign=A2YnYs6LuOd-R8BHIdbWTA6xHgalApOlf9KmvbCvvpQciqqcvDwbJ8vy&payer_email=497653881-buyer%40qq.com&txn_id=77C54438P5537972Y&payment_type=instant&last_name=buyer&address_state=Libisia&item_name1=Divinity&receiver_email=497653881-facilitator%40qq.com&payment_fee=&quantity1=1&receiver_id=7B8LTC6MYMVQA&txn_type=cart&mc_gross_1=260.00&mc_currency=HKD&residence_country=HK&test_ipn=1&transaction_subject=&payment_gross=&ipn_track_id=be722ff095e4f
[28-Nov-2017 21:44:02 UTC] hey
[28-Nov-2017 21:44:02 UTC] Array
(
    [mc_gross] => 260.00
    [invoice] => 32
    [protection_eligibility] => Eligible
    [address_status] => confirmed
    [item_number1] => 8
    [payer_id] => VA2WTXUWRG39N
    [address_street] => 71566176 Sky E137 S
    [payment_date] => 21:20:49 Nov 25, 2017 PST
    [payment_status] => Completed
    [charset] => Big5
    [address_zip] => W185744
    [first_name] => test
    [mc_fee] => 11.19
    [address_country_code] => HK
    [address_name] => buyer test
    [notify_version] => 3.8
    [custom] => 19502f7c58f2adc19d0bf0644900a615b4f1a4cb
    [payer_status] => verified
    [business] => 497653881-facilitator@qq.com
    [address_country] => Hong Kong
    [num_cart_items] => 1
    [address_city] => Posta
    [verify_sign] => AftUST9b90cVq1URFnOhKfNg12l7AWvz7ThsnXzRIC2c162VZ4h0ZpvG
    [payer_email] => 497653881-buyer@qq.com
    [txn_id] => 3X100192UA5537642
    [payment_type] => instant
    [last_name] => buyer
    [address_state] => Libisia
    [item_name1] => Football
    [receiver_email] => 497653881-facilitator@qq.com
    [payment_fee] => 
    [quantity1] => 1
    [receiver_id] => 7B8LTC6MYMVQA
    [txn_type] => cart
    [mc_gross_1] => 260.00
    [mc_currency] => HKD
    [residence_country] => HK
    [test_ipn] => 1
    [transaction_subject] => 
    [payment_gross] => 
    [ipn_track_id] => 5905d34c81858
)

[28-Nov-2017 21:44:03 UTC] hey
[28-Nov-2017 21:44:03 UTC] Array
(
    [mc_gross] => 188.00
    [invoice] => 33
    [protection_eligibility] => Eligible
    [address_status] => confirmed
    [item_number1] => 1
    [payer_id] => VA2WTXUWRG39N
    [address_street] => 71566176 Sky E137 S
    [payment_date] => 21:22:16 Nov 25, 2017 PST
    [payment_status] => Completed
    [charset] => Big5
    [address_zip] => W185744
    [first_name] => test
    [mc_fee] => 8.74
    [address_country_code] => HK
    [address_name] => buyer test
    [notify_version] => 3.8
    [custom] => 02f2d04345df79ef4cd391ab14a772efc779fcfd
    [payer_status] => verified
    [business] => 497653881-facilitator@qq.com
    [address_country] => Hong Kong
    [num_cart_items] => 1
    [address_city] => Posta
    [verify_sign] => A6Fyo.RG2CmUHAdbJ1HeGZnSj3AWAhqR52sdDeD4ZcIBIZmkufEntDdm
    [payer_email] => 497653881-buyer@qq.com
    [txn_id] => 7N491285T2480871S
    [payment_type] => instant
    [last_name] => buyer
    [address_state] => Libisia
    [item_name1] => PUBG
    [receiver_email] => 497653881-facilitator@qq.com
    [payment_fee] => 
    [quantity1] => 1
    [receiver_id] => 7B8LTC6MYMVQA
    [txn_type] => cart
    [mc_gross_1] => 188.00
    [mc_currency] => HKD
    [residence_country] => HK
    [test_ipn] => 1
    [transaction_subject] => 
    [payment_gross] => 
    [ipn_track_id] => f97ec7dcb4a2
)

[28-Nov-2017 21:44:03 UTC] hey
[28-Nov-2017 21:44:03 UTC] Array
(
    [mc_gross] => 260.00
    [invoice] => 34
    [protection_eligibility] => Eligible
    [address_status] => confirmed
    [item_number1] => 4
    [payer_id] => VA2WTXUWRG39N
    [address_street] => 71566176 Sky E137 S
    [payment_date] => 21:23:43 Nov 25, 2017 PST
    [payment_status] => Completed
    [charset] => Big5
    [address_zip] => W185744
    [first_name] => test
    [mc_fee] => 11.19
    [address_country_code] => HK
    [address_name] => buyer test
    [notify_version] => 3.8
    [custom] => 9c4e93e5cdffea4b5b426ad87dfe023c3be0c94f
    [payer_status] => verified
    [business] => 497653881-facilitator@qq.com
    [address_country] => Hong Kong
    [num_cart_items] => 1
    [address_city] => Posta
    [verify_sign] => ALBe4QrXe2sJhpq1rIN8JxSbK4RZAKWavHDe0fJs8vsglYLxzOz4I8WN
    [payer_email] => 497653881-buyer@qq.com
    [txn_id] => 83G08834S22773301
    [payment_type] => instant
    [last_name] => buyer
    [address_state] => Libisia
    [item_name1] => Divinity
    [receiver_email] => 497653881-facilitator@qq.com
    [payment_fee] => 
    [quantity1] => 1
    [receiver_id] => 7B8LTC6MYMVQA
    [txn_type] => cart
    [mc_gross_1] => 260.00
    [mc_currency] => HKD
    [residence_country] => HK
    [test_ipn] => 1
    [transaction_subject] => 
    [payment_gross] => 
    [ipn_track_id] => 936c3d1e80740
)

[28-Nov-2017 21:44:03 UTC] Completed
[28-Nov-2017 21:44:03 UTC] test invoice: 32
[28-Nov-2017 21:44:03 UTC] correct email
[28-Nov-2017 21:44:03 UTC] salt:7843790111748980333
[28-Nov-2017 21:44:03 UTC] the i=1
[28-Nov-2017 21:44:03 UTC] prod pid=8 its qty=1 its $=260
[28-Nov-2017 21:44:03 UTC] list_combine:8,1 pids=8 qtys=1 price=260
[28-Nov-2017 21:44:03 UTC] priceStr=260 ttprice=260
[28-Nov-2017 21:44:03 UTC] traction ID:3X100192UA5537642
[28-Nov-2017 21:44:03 UTC] 497653881-facilitator@qq.comLive-VERIFIED IPNmc_gross = 260.00

invoice = 32

protection_eligibility = Eligible

address_status = confirmed

item_number1 = 8

payer_id = VA2WTXUWRG39N

address_street = 71566176 Sky E137 S

payment_date = 21:20:49 Nov 25, 2017 PST

payment_status = Completed

charset = Big5

address_zip = W185744

first_name = test

mc_fee = 11.19

address_country_code = HK

address_name = buyer test

notify_version = 3.8

custom = 19502f7c58f2adc19d0bf0644900a615b4f1a4cb

payer_status = verified

business = 497653881-facilitator@qq.com

address_country = Hong Kong

num_cart_items = 1

address_city = Posta

verify_sign = AftUST9b90cVq1URFnOhKfNg12l7AWvz7ThsnXzRIC2c162VZ4h0ZpvG

payer_email = 497653881-buyer@qq.com

txn_id = 3X100192UA5537642

payment_type = instant

last_name = buyer

address_state = Libisia

item_name1 = Football

receiver_email = 497653881-facilitator@qq.com

payment_fee = 

quantity1 = 1

receiver_id = 7B8LTC6MYMVQA

txn_type = cart

mc_gross_1 = 260.00

mc_currency = HKD

residence_country = HK

test_ipn = 1

transaction_subject = 

payment_gross = 

ipn_track_id = 5905d34c81858

\n\ncmd=_notify-validate&mc_gross=260.00&invoice=32&protection_eligibility=Eligible&address_status=confirmed&item_number1=8&payer_id=VA2WTXUWRG39N&address_street=71566176+Sky+E137+S&payment_date=21%3A20%3A49+Nov+25%2C+2017+PST&payment_status=Completed&charset=Big5&address_zip=W185744&first_name=test&mc_fee=11.19&address_country_code=HK&address_name=buyer+test&notify_version=3.8&custom=19502f7c58f2adc19d0bf0644900a615b4f1a4cb&payer_status=verified&business=497653881-facilitator%40qq.com&address_country=Hong+Kong&num_cart_items=1&address_city=Posta&verify_sign=AftUST9b90cVq1URFnOhKfNg12l7AWvz7ThsnXzRIC2c162VZ4h0ZpvG&payer_email=497653881-buyer%40qq.com&txn_id=3X100192UA5537642&payment_type=instant&last_name=buyer&address_state=Libisia&item_name1=Football&receiver_email=497653881-facilitator%40qq.com&payment_fee=&quantity1=1&receiver_id=7B8LTC6MYMVQA&txn_type=cart&mc_gross_1=260.00&mc_currency=HKD&residence_country=HK&test_ipn=1&transaction_subject=&payment_gross=&ipn_track_id=5905d34c81858
[28-Nov-2017 21:44:04 UTC] Completed
[28-Nov-2017 21:44:04 UTC] test invoice: 33
[28-Nov-2017 21:44:04 UTC] correct email
[28-Nov-2017 21:44:04 UTC] salt:5468897802139576608
[28-Nov-2017 21:44:04 UTC] the i=1
[28-Nov-2017 21:44:04 UTC] prod pid=1 its qty=1 its $=188
[28-Nov-2017 21:44:04 UTC] list_combine:1,1 pids=1 qtys=1 price=188
[28-Nov-2017 21:44:04 UTC] priceStr=188 ttprice=188
[28-Nov-2017 21:44:04 UTC] traction ID:7N491285T2480871S
[28-Nov-2017 21:44:04 UTC] 497653881-facilitator@qq.comLive-VERIFIED IPNmc_gross = 188.00

invoice = 33

protection_eligibility = Eligible

address_status = confirmed

item_number1 = 1

payer_id = VA2WTXUWRG39N

address_street = 71566176 Sky E137 S

payment_date = 21:22:16 Nov 25, 2017 PST

payment_status = Completed

charset = Big5

address_zip = W185744

first_name = test

mc_fee = 8.74

address_country_code = HK

address_name = buyer test

notify_version = 3.8

custom = 02f2d04345df79ef4cd391ab14a772efc779fcfd

payer_status = verified

business = 497653881-facilitator@qq.com

address_country = Hong Kong

num_cart_items = 1

address_city = Posta

verify_sign = A6Fyo.RG2CmUHAdbJ1HeGZnSj3AWAhqR52sdDeD4ZcIBIZmkufEntDdm

payer_email = 497653881-buyer@qq.com

txn_id = 7N491285T2480871S

payment_type = instant

last_name = buyer

address_state = Libisia

item_name1 = PUBG

receiver_email = 497653881-facilitator@qq.com

payment_fee = 

quantity1 = 1

receiver_id = 7B8LTC6MYMVQA

txn_type = cart

mc_gross_1 = 188.00

mc_currency = HKD

residence_country = HK

test_ipn = 1

transaction_subject = 

payment_gross = 

ipn_track_id = f97ec7dcb4a2

\n\ncmd=_notify-validate&mc_gross=188.00&invoice=33&protection_eligibility=Eligible&address_status=confirmed&item_number1=1&payer_id=VA2WTXUWRG39N&address_street=71566176+Sky+E137+S&payment_date=21%3A22%3A16+Nov+25%2C+2017+PST&payment_status=Completed&charset=Big5&address_zip=W185744&first_name=test&mc_fee=8.74&address_country_code=HK&address_name=buyer+test&notify_version=3.8&custom=02f2d04345df79ef4cd391ab14a772efc779fcfd&payer_status=verified&business=497653881-facilitator%40qq.com&address_country=Hong+Kong&num_cart_items=1&address_city=Posta&verify_sign=A6Fyo.RG2CmUHAdbJ1HeGZnSj3AWAhqR52sdDeD4ZcIBIZmkufEntDdm&payer_email=497653881-buyer%40qq.com&txn_id=7N491285T2480871S&payment_type=instant&last_name=buyer&address_state=Libisia&item_name1=PUBG&receiver_email=497653881-facilitator%40qq.com&payment_fee=&quantity1=1&receiver_id=7B8LTC6MYMVQA&txn_type=cart&mc_gross_1=188.00&mc_currency=HKD&residence_country=HK&test_ipn=1&transaction_subject=&payment_gross=&ipn_track_id=f97ec7dcb4a2
[28-Nov-2017 21:44:04 UTC] Completed
[28-Nov-2017 21:44:04 UTC] test invoice: 34
[28-Nov-2017 21:44:04 UTC] correct email
[28-Nov-2017 21:44:04 UTC] salt:373099883478108297
[28-Nov-2017 21:44:04 UTC] the i=1
[28-Nov-2017 21:44:04 UTC] prod pid=4 its qty=1 its $=260
[28-Nov-2017 21:44:04 UTC] list_combine:4,1 pids=4 qtys=1 price=260
[28-Nov-2017 21:44:04 UTC] priceStr=260 ttprice=260
[28-Nov-2017 21:44:04 UTC] traction ID:83G08834S22773301
[28-Nov-2017 21:44:04 UTC] 497653881-facilitator@qq.comLive-VERIFIED IPNmc_gross = 260.00

invoice = 34

protection_eligibility = Eligible

address_status = confirmed

item_number1 = 4

payer_id = VA2WTXUWRG39N

address_street = 71566176 Sky E137 S

payment_date = 21:23:43 Nov 25, 2017 PST

payment_status = Completed

charset = Big5

address_zip = W185744

first_name = test

mc_fee = 11.19

address_country_code = HK

address_name = buyer test

notify_version = 3.8

custom = 9c4e93e5cdffea4b5b426ad87dfe023c3be0c94f

payer_status = verified

business = 497653881-facilitator@qq.com

address_country = Hong Kong

num_cart_items = 1

address_city = Posta

verify_sign = ALBe4QrXe2sJhpq1rIN8JxSbK4RZAKWavHDe0fJs8vsglYLxzOz4I8WN

payer_email = 497653881-buyer@qq.com

txn_id = 83G08834S22773301

payment_type = instant

last_name = buyer

address_state = Libisia

item_name1 = Divinity

receiver_email = 497653881-facilitator@qq.com

payment_fee = 

quantity1 = 1

receiver_id = 7B8LTC6MYMVQA

txn_type = cart

mc_gross_1 = 260.00

mc_currency = HKD

residence_country = HK

test_ipn = 1

transaction_subject = 

payment_gross = 

ipn_track_id = 936c3d1e80740

\n\ncmd=_notify-validate&mc_gross=260.00&invoice=34&protection_eligibility=Eligible&address_status=confirmed&item_number1=4&payer_id=VA2WTXUWRG39N&address_street=71566176+Sky+E137+S&payment_date=21%3A23%3A43+Nov+25%2C+2017+PST&payment_status=Completed&charset=Big5&address_zip=W185744&first_name=test&mc_fee=11.19&address_country_code=HK&address_name=buyer+test&notify_version=3.8&custom=9c4e93e5cdffea4b5b426ad87dfe023c3be0c94f&payer_status=verified&business=497653881-facilitator%40qq.com&address_country=Hong+Kong&num_cart_items=1&address_city=Posta&verify_sign=ALBe4QrXe2sJhpq1rIN8JxSbK4RZAKWavHDe0fJs8vsglYLxzOz4I8WN&payer_email=497653881-buyer%40qq.com&txn_id=83G08834S22773301&payment_type=instant&last_name=buyer&address_state=Libisia&item_name1=Divinity&receiver_email=497653881-facilitator%40qq.com&payment_fee=&quantity1=1&receiver_id=7B8LTC6MYMVQA&txn_type=cart&mc_gross_1=260.00&mc_currency=HKD&residence_country=HK&test_ipn=1&transaction_subject=&payment_gross=&ipn_track_id=936c3d1e80740
[28-Nov-2017 21:44:05 UTC] hey
[28-Nov-2017 21:44:05 UTC] Array
(
    [mc_gross] => 278.00
    [invoice] => 35
    [protection_eligibility] => Eligible
    [address_status] => confirmed
    [item_number1] => 5
    [payer_id] => VA2WTXUWRG39N
    [address_street] => 71566176 Sky E137 S
    [payment_date] => 21:25:39 Nov 25, 2017 PST
    [payment_status] => Completed
    [charset] => Big5
    [address_zip] => W185744
    [first_name] => test
    [mc_fee] => 11.80
    [address_country_code] => HK
    [address_name] => buyer test
    [notify_version] => 3.8
    [custom] => 895b4d48eaaa86e78b872c52a62544f6f3a3ac69
    [payer_status] => verified
    [business] => 497653881-facilitator@qq.com
    [address_country] => Hong Kong
    [num_cart_items] => 1
    [address_city] => Posta
    [verify_sign] => AxY4PZnLwHn-wCsVYatnHp9kp4-PA.MI0oczjpbyqoOHjEAHzZ6RtZTG
    [payer_email] => 497653881-buyer@qq.com
    [txn_id] => 0E8963857E9533932
    [payment_type] => instant
    [last_name] => buyer
    [address_state] => Libisia
    [item_name1] => Nier
    [receiver_email] => 497653881-facilitator@qq.com
    [payment_fee] => 
    [quantity1] => 1
    [receiver_id] => 7B8LTC6MYMVQA
    [txn_type] => cart
    [mc_gross_1] => 278.00
    [mc_currency] => HKD
    [residence_country] => HK
    [test_ipn] => 1
    [transaction_subject] => 
    [payment_gross] => 
    [ipn_track_id] => 4dcb2e92357c3
)

[28-Nov-2017 21:44:06 UTC] hey
[28-Nov-2017 21:44:06 UTC] Array
(
    [mc_gross] => 310.00
    [invoice] => 36
    [protection_eligibility] => Eligible
    [address_status] => confirmed
    [item_number1] => 9
    [payer_id] => VA2WTXUWRG39N
    [address_street] => 71566176 Sky E137 S
    [payment_date] => 21:30:11 Nov 25, 2017 PST
    [payment_status] => Completed
    [charset] => Big5
    [address_zip] => W185744
    [first_name] => test
    [mc_fee] => 12.89
    [address_country_code] => HK
    [address_name] => buyer test
    [notify_version] => 3.8
    [custom] => e8d7f75ec9d998696d2907af349f5760ecbb5b58
    [payer_status] => verified
    [business] => 497653881-facilitator@qq.com
    [address_country] => Hong Kong
    [num_cart_items] => 1
    [address_city] => Posta
    [verify_sign] => AgXsP2MAb7ZqE92Q72NeN-mMl2ASAOzujXDJqw5rRt7kqINanRwCZuzz
    [payer_email] => 497653881-buyer@qq.com
    [txn_id] => 3HW62680CA6918504
    [payment_type] => instant
    [last_name] => buyer
    [address_state] => Libisia
    [item_name1] => F1
    [receiver_email] => 497653881-facilitator@qq.com
    [payment_fee] => 
    [quantity1] => 1
    [receiver_id] => 7B8LTC6MYMVQA
    [txn_type] => cart
    [mc_gross_1] => 310.00
    [mc_currency] => HKD
    [residence_country] => HK
    [test_ipn] => 1
    [transaction_subject] => 
    [payment_gross] => 
    [ipn_track_id] => 4cd9a2a1f35ad
)

[28-Nov-2017 21:44:06 UTC] Completed
[28-Nov-2017 21:44:06 UTC] test invoice: 35
[28-Nov-2017 21:44:06 UTC] correct email
[28-Nov-2017 21:44:06 UTC] salt:61769601782297870
[28-Nov-2017 21:44:06 UTC] the i=1
[28-Nov-2017 21:44:06 UTC] prod pid=5 its qty=1 its $=278
[28-Nov-2017 21:44:06 UTC] list_combine:5,1 pids=5 qtys=1 price=278
[28-Nov-2017 21:44:06 UTC] priceStr=278 ttprice=278
[28-Nov-2017 21:44:06 UTC] traction ID:0E8963857E9533932
[28-Nov-2017 21:44:06 UTC] 497653881-facilitator@qq.comLive-VERIFIED IPNmc_gross = 278.00

invoice = 35

protection_eligibility = Eligible

address_status = confirmed

item_number1 = 5

payer_id = VA2WTXUWRG39N

address_street = 71566176 Sky E137 S

payment_date = 21:25:39 Nov 25, 2017 PST

payment_status = Completed

charset = Big5

address_zip = W185744

first_name = test

mc_fee = 11.80

address_country_code = HK

address_name = buyer test

notify_version = 3.8

custom = 895b4d48eaaa86e78b872c52a62544f6f3a3ac69

payer_status = verified

business = 497653881-facilitator@qq.com

address_country = Hong Kong

num_cart_items = 1

address_city = Posta

verify_sign = AxY4PZnLwHn-wCsVYatnHp9kp4-PA.MI0oczjpbyqoOHjEAHzZ6RtZTG

payer_email = 497653881-buyer@qq.com

txn_id = 0E8963857E9533932

payment_type = instant

last_name = buyer

address_state = Libisia

item_name1 = Nier

receiver_email = 497653881-facilitator@qq.com

payment_fee = 

quantity1 = 1

receiver_id = 7B8LTC6MYMVQA

txn_type = cart

mc_gross_1 = 278.00

mc_currency = HKD

residence_country = HK

test_ipn = 1

transaction_subject = 

payment_gross = 

ipn_track_id = 4dcb2e92357c3

\n\ncmd=_notify-validate&mc_gross=278.00&invoice=35&protection_eligibility=Eligible&address_status=confirmed&item_number1=5&payer_id=VA2WTXUWRG39N&address_street=71566176+Sky+E137+S&payment_date=21%3A25%3A39+Nov+25%2C+2017+PST&payment_status=Completed&charset=Big5&address_zip=W185744&first_name=test&mc_fee=11.80&address_country_code=HK&address_name=buyer+test&notify_version=3.8&custom=895b4d48eaaa86e78b872c52a62544f6f3a3ac69&payer_status=verified&business=497653881-facilitator%40qq.com&address_country=Hong+Kong&num_cart_items=1&address_city=Posta&verify_sign=AxY4PZnLwHn-wCsVYatnHp9kp4-PA.MI0oczjpbyqoOHjEAHzZ6RtZTG&payer_email=497653881-buyer%40qq.com&txn_id=0E8963857E9533932&payment_type=instant&last_name=buyer&address_state=Libisia&item_name1=Nier&receiver_email=497653881-facilitator%40qq.com&payment_fee=&quantity1=1&receiver_id=7B8LTC6MYMVQA&txn_type=cart&mc_gross_1=278.00&mc_currency=HKD&residence_country=HK&test_ipn=1&transaction_subject=&payment_gross=&ipn_track_id=4dcb2e92357c3
[28-Nov-2017 21:44:07 UTC] Completed
[28-Nov-2017 21:44:07 UTC] test invoice: 36
[28-Nov-2017 21:44:07 UTC] correct email
[28-Nov-2017 21:44:07 UTC] salt:8211810831265786342
[28-Nov-2017 21:44:07 UTC] the i=1
[28-Nov-2017 21:44:07 UTC] prod pid=9 its qty=1 its $=310
[28-Nov-2017 21:44:07 UTC] list_combine:9,1 pids=9 qtys=1 price=310
[28-Nov-2017 21:44:07 UTC] priceStr=310 ttprice=310
[28-Nov-2017 21:44:07 UTC] traction ID:3HW62680CA6918504
[28-Nov-2017 21:44:07 UTC] 497653881-facilitator@qq.comLive-VERIFIED IPNmc_gross = 310.00

invoice = 36

protection_eligibility = Eligible

address_status = confirmed

item_number1 = 9

payer_id = VA2WTXUWRG39N

address_street = 71566176 Sky E137 S

payment_date = 21:30:11 Nov 25, 2017 PST

payment_status = Completed

charset = Big5

address_zip = W185744

first_name = test

mc_fee = 12.89

address_country_code = HK

address_name = buyer test

notify_version = 3.8

custom = e8d7f75ec9d998696d2907af349f5760ecbb5b58

payer_status = verified

business = 497653881-facilitator@qq.com

address_country = Hong Kong

num_cart_items = 1

address_city = Posta

verify_sign = AgXsP2MAb7ZqE92Q72NeN-mMl2ASAOzujXDJqw5rRt7kqINanRwCZuzz

payer_email = 497653881-buyer@qq.com

txn_id = 3HW62680CA6918504

payment_type = instant

last_name = buyer

address_state = Libisia

item_name1 = F1

receiver_email = 497653881-facilitator@qq.com

payment_fee = 

quantity1 = 1

receiver_id = 7B8LTC6MYMVQA

txn_type = cart

mc_gross_1 = 310.00

mc_currency = HKD

residence_country = HK

test_ipn = 1

transaction_subject = 

payment_gross = 

ipn_track_id = 4cd9a2a1f35ad

\n\ncmd=_notify-validate&mc_gross=310.00&invoice=36&protection_eligibility=Eligible&address_status=confirmed&item_number1=9&payer_id=VA2WTXUWRG39N&address_street=71566176+Sky+E137+S&payment_date=21%3A30%3A11+Nov+25%2C+2017+PST&payment_status=Completed&charset=Big5&address_zip=W185744&first_name=test&mc_fee=12.89&address_country_code=HK&address_name=buyer+test&notify_version=3.8&custom=e8d7f75ec9d998696d2907af349f5760ecbb5b58&payer_status=verified&business=497653881-facilitator%40qq.com&address_country=Hong+Kong&num_cart_items=1&address_city=Posta&verify_sign=AgXsP2MAb7ZqE92Q72NeN-mMl2ASAOzujXDJqw5rRt7kqINanRwCZuzz&payer_email=497653881-buyer%40qq.com&txn_id=3HW62680CA6918504&payment_type=instant&last_name=buyer&address_state=Libisia&item_name1=F1&receiver_email=497653881-facilitator%40qq.com&payment_fee=&quantity1=1&receiver_id=7B8LTC6MYMVQA&txn_type=cart&mc_gross_1=310.00&mc_currency=HKD&residence_country=HK&test_ipn=1&transaction_subject=&payment_gross=&ipn_track_id=4cd9a2a1f35ad
[01-Dec-2017 16:32:28 UTC] hey
[01-Dec-2017 16:32:28 UTC] Array
(
    [mc_gross] => 520.00
    [invoice] => 39
    [protection_eligibility] => Eligible
    [address_status] => confirmed
    [item_number1] => 4
    [payer_id] => VA2WTXUWRG39N
    [address_street] => 71566176 Sky E137 S
    [payment_date] => 08:32:16 Dec 01, 2017 PST
    [payment_status] => Completed
    [charset] => Big5
    [address_zip] => W185744
    [first_name] => test
    [mc_fee] => 20.03
    [address_country_code] => HK
    [address_name] => buyer test
    [notify_version] => 3.8
    [custom] => 6ac11a3a69c22dafa512d55ad7e02a5c41eaa316
    [payer_status] => verified
    [business] => 497653881-facilitator@qq.com
    [address_country] => Hong Kong
    [num_cart_items] => 1
    [address_city] => Posta
    [verify_sign] => AevBCJpNUBVvP6zR.tYwM0aKSoyXARHdPycvLvw4Xh485g2DK6ujnFxI
    [payer_email] => 497653881-buyer@qq.com
    [txn_id] => 09025555H57732548
    [payment_type] => instant
    [last_name] => buyer
    [address_state] => Libisia
    [item_name1] => Divinity
    [receiver_email] => 497653881-facilitator@qq.com
    [payment_fee] => 
    [quantity1] => 2
    [receiver_id] => 7B8LTC6MYMVQA
    [txn_type] => cart
    [mc_gross_1] => 520.00
    [mc_currency] => HKD
    [residence_country] => HK
    [test_ipn] => 1
    [transaction_subject] => 
    [payment_gross] => 
    [ipn_track_id] => f128424e535f9
)

[01-Dec-2017 16:32:29 UTC] Completed
[01-Dec-2017 16:32:29 UTC] test invoice: 39
[01-Dec-2017 16:32:29 UTC] correct email
[01-Dec-2017 16:32:29 UTC] salt:8675372341383960183
[01-Dec-2017 16:32:29 UTC] the i=1
[01-Dec-2017 16:32:29 UTC] prod pid=4 its qty=2 its $=520
[01-Dec-2017 16:32:29 UTC] list_combine:4,2 pids=4 qtys=2 price=520
[01-Dec-2017 16:32:29 UTC] priceStr=520 ttprice=520
[01-Dec-2017 16:32:29 UTC] traction ID:09025555H57732548
[01-Dec-2017 16:32:29 UTC] 497653881-facilitator@qq.comLive-VERIFIED IPNmc_gross = 520.00

invoice = 39

protection_eligibility = Eligible

address_status = confirmed

item_number1 = 4

payer_id = VA2WTXUWRG39N

address_street = 71566176 Sky E137 S

payment_date = 08:32:16 Dec 01, 2017 PST

payment_status = Completed

charset = Big5

address_zip = W185744

first_name = test

mc_fee = 20.03

address_country_code = HK

address_name = buyer test

notify_version = 3.8

custom = 6ac11a3a69c22dafa512d55ad7e02a5c41eaa316

payer_status = verified

business = 497653881-facilitator@qq.com

address_country = Hong Kong

num_cart_items = 1

address_city = Posta

verify_sign = AevBCJpNUBVvP6zR.tYwM0aKSoyXARHdPycvLvw4Xh485g2DK6ujnFxI

payer_email = 497653881-buyer@qq.com

txn_id = 09025555H57732548

payment_type = instant

last_name = buyer

address_state = Libisia

item_name1 = Divinity

receiver_email = 497653881-facilitator@qq.com

payment_fee = 

quantity1 = 2

receiver_id = 7B8LTC6MYMVQA

txn_type = cart

mc_gross_1 = 520.00

mc_currency = HKD

residence_country = HK

test_ipn = 1

transaction_subject = 

payment_gross = 

ipn_track_id = f128424e535f9

\n\ncmd=_notify-validate&mc_gross=520.00&invoice=39&protection_eligibility=Eligible&address_status=confirmed&item_number1=4&payer_id=VA2WTXUWRG39N&address_street=71566176+Sky+E137+S&payment_date=08%3A32%3A16+Dec+01%2C+2017+PST&payment_status=Completed&charset=Big5&address_zip=W185744&first_name=test&mc_fee=20.03&address_country_code=HK&address_name=buyer+test&notify_version=3.8&custom=6ac11a3a69c22dafa512d55ad7e02a5c41eaa316&payer_status=verified&business=497653881-facilitator%40qq.com&address_country=Hong+Kong&num_cart_items=1&address_city=Posta&verify_sign=AevBCJpNUBVvP6zR.tYwM0aKSoyXARHdPycvLvw4Xh485g2DK6ujnFxI&payer_email=497653881-buyer%40qq.com&txn_id=09025555H57732548&payment_type=instant&last_name=buyer&address_state=Libisia&item_name1=Divinity&receiver_email=497653881-facilitator%40qq.com&payment_fee=&quantity1=2&receiver_id=7B8LTC6MYMVQA&txn_type=cart&mc_gross_1=520.00&mc_currency=HKD&residence_country=HK&test_ipn=1&transaction_subject=&payment_gross=&ipn_track_id=f128424e535f9
[06-Dec-2017 10:42:25 UTC] hey
[06-Dec-2017 10:42:25 UTC] Array
(
    [mc_gross] => 2007.00
    [invoice] => 40
    [protection_eligibility] => Eligible
    [address_status] => confirmed
    [item_number1] => 1
    [item_number2] => 4
    [payer_id] => VA2WTXUWRG39N
    [item_number3] => 5
    [address_street] => 71566176 Sky E137 S
    [item_number4] => 6
    [payment_date] => 02:42:15 Dec 06, 2017 PST
    [item_number5] => 10
    [payment_status] => Completed
    [charset] => Big5
    [address_zip] => W185744
    [first_name] => test
    [mc_fee] => 70.59
    [address_country_code] => HK
    [address_name] => buyer test
    [notify_version] => 3.8
    [custom] => be2fbefcb37c6441acdb6bb3f25afcb4c957536b
    [payer_status] => verified
    [business] => 497653881-facilitator@qq.com
    [address_country] => Hong Kong
    [num_cart_items] => 5
    [address_city] => Posta
    [verify_sign] => AI36sk2Aln3iC.t.mla1wMizPRcQAkWuRRROKxS0SxTlreN9S2YSSeKI
    [payer_email] => 497653881-buyer@qq.com
    [txn_id] => 19L15215HS848074X
    [payment_type] => instant
    [last_name] => buyer
    [address_state] => Libisia
    [item_name1] => PUBG
    [receiver_email] => 497653881-facilitator@qq.com
    [item_name2] => Divinity
    [payment_fee] => 
    [item_name3] => Nier
    [item_name4] => Witcher
    [item_name5] => test
    [quantity1] => 2
    [quantity2] => 2
    [receiver_id] => 7B8LTC6MYMVQA
    [quantity3] => 2
    [txn_type] => cart
    [quantity4] => 1
    [quantity5] => 2
    [mc_gross_1] => 376.00
    [mc_currency] => HKD
    [mc_gross_2] => 520.00
    [mc_gross_3] => 556.00
    [residence_country] => HK
    [test_ipn] => 1
    [mc_gross_4] => 309.00
    [mc_gross_5] => 246.00
    [transaction_subject] => 
    [payment_gross] => 
    [ipn_track_id] => ffafedc9a8634
)

[06-Dec-2017 10:42:27 UTC] Completed
[06-Dec-2017 10:42:27 UTC] test invoice: 40
[06-Dec-2017 10:42:27 UTC] correct email
[06-Dec-2017 10:42:27 UTC] salt:468985365132534459
[06-Dec-2017 10:42:27 UTC] the i=1
[06-Dec-2017 10:42:27 UTC] prod pid=1 its qty=2 its $=376
[06-Dec-2017 10:42:27 UTC] the i=2
[06-Dec-2017 10:42:27 UTC] prod pid=4 its qty=2 its $=520
[06-Dec-2017 10:42:27 UTC] the i=3
[06-Dec-2017 10:42:27 UTC] prod pid=5 its qty=2 its $=556
[06-Dec-2017 10:42:27 UTC] the i=4
[06-Dec-2017 10:42:27 UTC] prod pid=6 its qty=1 its $=309
[06-Dec-2017 10:42:27 UTC] the i=5
[06-Dec-2017 10:42:27 UTC] prod pid=10 its qty=2 its $=246
[06-Dec-2017 10:42:27 UTC] list_combine:1,2,4,2,5,2,6,1,10,2 pids=1,4,5,6,10 qtys=2,2,2,1,2 price=376,520,556,309,246
[06-Dec-2017 10:42:27 UTC] priceStr=376,520,556,309,246 ttprice=2007
[06-Dec-2017 10:42:27 UTC] traction ID:19L15215HS848074X
[06-Dec-2017 10:42:27 UTC] 497653881-facilitator@qq.comLive-VERIFIED IPNmc_gross = 2007.00

invoice = 40

protection_eligibility = Eligible

address_status = confirmed

item_number1 = 1

item_number2 = 4

payer_id = VA2WTXUWRG39N

item_number3 = 5

address_street = 71566176 Sky E137 S

item_number4 = 6

payment_date = 02:42:15 Dec 06, 2017 PST

item_number5 = 10

payment_status = Completed

charset = Big5

address_zip = W185744

first_name = test

mc_fee = 70.59

address_country_code = HK

address_name = buyer test

notify_version = 3.8

custom = be2fbefcb37c6441acdb6bb3f25afcb4c957536b

payer_status = verified

business = 497653881-facilitator@qq.com

address_country = Hong Kong

num_cart_items = 5

address_city = Posta

verify_sign = AI36sk2Aln3iC.t.mla1wMizPRcQAkWuRRROKxS0SxTlreN9S2YSSeKI

payer_email = 497653881-buyer@qq.com

txn_id = 19L15215HS848074X

payment_type = instant

last_name = buyer

address_state = Libisia

item_name1 = PUBG

receiver_email = 497653881-facilitator@qq.com

item_name2 = Divinity

payment_fee = 

item_name3 = Nier

item_name4 = Witcher

item_name5 = test

quantity1 = 2

quantity2 = 2

receiver_id = 7B8LTC6MYMVQA

quantity3 = 2

txn_type = cart

quantity4 = 1

quantity5 = 2

mc_gross_1 = 376.00

mc_currency = HKD

mc_gross_2 = 520.00

mc_gross_3 = 556.00

residence_country = HK

test_ipn = 1

mc_gross_4 = 309.00

mc_gross_5 = 246.00

transaction_subject = 

payment_gross = 

ipn_track_id = ffafedc9a8634

\n\ncmd=_notify-validate&mc_gross=2007.00&invoice=40&protection_eligibility=Eligible&address_status=confirmed&item_number1=1&item_number2=4&payer_id=VA2WTXUWRG39N&item_number3=5&address_street=71566176+Sky+E137+S&item_number4=6&payment_date=02%3A42%3A15+Dec+06%2C+2017+PST&item_number5=10&payment_status=Completed&charset=Big5&address_zip=W185744&first_name=test&mc_fee=70.59&address_country_code=HK&address_name=buyer+test&notify_version=3.8&custom=be2fbefcb37c6441acdb6bb3f25afcb4c957536b&payer_status=verified&business=497653881-facilitator%40qq.com&address_country=Hong+Kong&num_cart_items=5&address_city=Posta&verify_sign=AI36sk2Aln3iC.t.mla1wMizPRcQAkWuRRROKxS0SxTlreN9S2YSSeKI&payer_email=497653881-buyer%40qq.com&txn_id=19L15215HS848074X&payment_type=instant&last_name=buyer&address_state=Libisia&item_name1=PUBG&receiver_email=497653881-facilitator%40qq.com&item_name2=Divinity&payment_fee=&item_name3=Nier&item_name4=Witcher&item_name5=test&quantity1=2&quantity2=2&receiver_id=7B8LTC6MYMVQA&quantity3=2&txn_type=cart&quantity4=1&quantity5=2&mc_gross_1=376.00&mc_currency=HKD&mc_gross_2=520.00&mc_gross_3=556.00&residence_country=HK&test_ipn=1&mc_gross_4=309.00&mc_gross_5=246.00&transaction_subject=&payment_gross=&ipn_track_id=ffafedc9a8634
[11-Dec-2017 13:55:34 UTC] hey
[11-Dec-2017 13:55:34 UTC] Array
(
    [mc_gross] => 386.00
    [invoice] => 103
    [protection_eligibility] => Eligible
    [address_status] => confirmed
    [item_number1] => 1
    [item_number2] => 2
    [payer_id] => VA2WTXUWRG39N
    [address_street] => 71566176 Sky E137 S
    [payment_date] => 05:55:20 Dec 11, 2017 PST
    [payment_status] => Completed
    [charset] => Big5
    [address_zip] => W185744
    [first_name] => test
    [mc_fee] => 15.47
    [address_country_code] => HK
    [address_name] => buyer test
    [notify_version] => 3.8
    [custom] => 4bd5b2235736e5c00dd4c47ad4013828da6824e1
    [payer_status] => verified
    [business] => 497653881-facilitator@qq.com
    [address_country] => Hong Kong
    [num_cart_items] => 2
    [address_city] => Posta
    [verify_sign] => A7LWorWrJcRjmmYMyZ3UG3TC-LgOAnHwO6166CnFPw3H3kmpbYspbF2v
    [payer_email] => 497653881-buyer@qq.com
    [txn_id] => 51028852ME3483430
    [payment_type] => instant
    [last_name] => buyer
    [address_state] => Libisia
    [item_name1] => PUBG
    [receiver_email] => 497653881-facilitator@qq.com
    [item_name2] => CSGO
    [payment_fee] => 
    [quantity1] => 1
    [quantity2] => 2
    [receiver_id] => 7B8LTC6MYMVQA
    [txn_type] => cart
    [mc_gross_1] => 188.00
    [mc_currency] => HKD
    [mc_gross_2] => 198.00
    [residence_country] => HK
    [test_ipn] => 1
    [transaction_subject] => 
    [payment_gross] => 
    [ipn_track_id] => 5d23323d8414
)

[11-Dec-2017 13:55:35 UTC] Completed
[11-Dec-2017 13:55:35 UTC] test invoice: 103
[11-Dec-2017 13:55:35 UTC] correct email
[11-Dec-2017 13:55:35 UTC] salt:9357282562057155209
[11-Dec-2017 13:55:35 UTC] the i=1
[11-Dec-2017 13:55:35 UTC] prod pid=1 its qty=1 its $=188
[11-Dec-2017 13:55:35 UTC] the i=2
[11-Dec-2017 13:55:35 UTC] prod pid=2 its qty=2 its $=198
[11-Dec-2017 13:55:35 UTC] list_combine:1,1,2,2 pids=1,2 qtys=1,2 price=188,198
[11-Dec-2017 13:55:35 UTC] priceStr=188,198 ttprice=386
[11-Dec-2017 13:55:35 UTC] traction ID:51028852ME3483430
[11-Dec-2017 13:55:35 UTC] 497653881-facilitator@qq.comLive-VERIFIED IPNmc_gross = 386.00

invoice = 103

protection_eligibility = Eligible

address_status = confirmed

item_number1 = 1

item_number2 = 2

payer_id = VA2WTXUWRG39N

address_street = 71566176 Sky E137 S

payment_date = 05:55:20 Dec 11, 2017 PST

payment_status = Completed

charset = Big5

address_zip = W185744

first_name = test

mc_fee = 15.47

address_country_code = HK

address_name = buyer test

notify_version = 3.8

custom = 4bd5b2235736e5c00dd4c47ad4013828da6824e1

payer_status = verified

business = 497653881-facilitator@qq.com

address_country = Hong Kong

num_cart_items = 2

address_city = Posta

verify_sign = A7LWorWrJcRjmmYMyZ3UG3TC-LgOAnHwO6166CnFPw3H3kmpbYspbF2v

payer_email = 497653881-buyer@qq.com

txn_id = 51028852ME3483430

payment_type = instant

last_name = buyer

address_state = Libisia

item_name1 = PUBG

receiver_email = 497653881-facilitator@qq.com

item_name2 = CSGO

payment_fee = 

quantity1 = 1

quantity2 = 2

receiver_id = 7B8LTC6MYMVQA

txn_type = cart

mc_gross_1 = 188.00

mc_currency = HKD

mc_gross_2 = 198.00

residence_country = HK

test_ipn = 1

transaction_subject = 

payment_gross = 

ipn_track_id = 5d23323d8414

\n\ncmd=_notify-validate&mc_gross=386.00&invoice=103&protection_eligibility=Eligible&address_status=confirmed&item_number1=1&item_number2=2&payer_id=VA2WTXUWRG39N&address_street=71566176+Sky+E137+S&payment_date=05%3A55%3A20+Dec+11%2C+2017+PST&payment_status=Completed&charset=Big5&address_zip=W185744&first_name=test&mc_fee=15.47&address_country_code=HK&address_name=buyer+test&notify_version=3.8&custom=4bd5b2235736e5c00dd4c47ad4013828da6824e1&payer_status=verified&business=497653881-facilitator%40qq.com&address_country=Hong+Kong&num_cart_items=2&address_city=Posta&verify_sign=A7LWorWrJcRjmmYMyZ3UG3TC-LgOAnHwO6166CnFPw3H3kmpbYspbF2v&payer_email=497653881-buyer%40qq.com&txn_id=51028852ME3483430&payment_type=instant&last_name=buyer&address_state=Libisia&item_name1=PUBG&receiver_email=497653881-facilitator%40qq.com&item_name2=CSGO&payment_fee=&quantity1=1&quantity2=2&receiver_id=7B8LTC6MYMVQA&txn_type=cart&mc_gross_1=188.00&mc_currency=HKD&mc_gross_2=198.00&residence_country=HK&test_ipn=1&transaction_subject=&payment_gross=&ipn_track_id=5d23323d8414
[12-Dec-2017 07:11:01 UTC] hey
[12-Dec-2017 07:11:01 UTC] Array
(
    [mc_gross] => 475.00
    [invoice] => 126
    [protection_eligibility] => Ineligible
    [address_status] => confirmed
    [item_number1] => 1
    [item_number2] => 2
    [payer_id] => VA2WTXUWRG39N
    [address_street] => 71566176 Sky E137 S
    [payment_date] => 23:10:51 Dec 11, 2017 PST
    [payment_status] => Completed
    [charset] => Big5
    [address_zip] => W185744
    [first_name] => test
    [mc_fee] => 18.50
    [address_country_code] => HK
    [address_name] => buyer test
    [notify_version] => 3.8
    [custom] => 9a94c9d2cf91d8b6f8b5e97d327b2bc2285a8dc7
    [payer_status] => verified
    [business] => 497653881-facilitator@qq.com
    [address_country] => Hong Kong
    [num_cart_items] => 2
    [address_city] => Posta
    [verify_sign] => AWupihapJ55v4E8OFm29kEztHiEDADHG-vC27mCvIdkuHRXJ1Hi7prYN
    [payer_email] => 497653881-buyer@qq.com
    [txn_id] => 12T84512DP236012U
    [payment_type] => instant
    [last_name] => buyer
    [address_state] => Libisia
    [item_name1] => PUBG
    [receiver_email] => 497653881-facilitator@qq.com
    [item_name2] => CSGO
    [payment_fee] => 
    [quantity1] => 2
    [quantity2] => 1
    [receiver_id] => 7B8LTC6MYMVQA
    [txn_type] => cart
    [mc_gross_1] => 376.00
    [mc_currency] => HKD
    [mc_gross_2] => 99.00
    [residence_country] => HK
    [test_ipn] => 1
    [transaction_subject] => 
    [payment_gross] => 
    [ipn_track_id] => 6210c5613abd7
)

[12-Dec-2017 07:11:02 UTC] Completed
[12-Dec-2017 07:11:02 UTC] test invoice: 126
[12-Dec-2017 07:11:02 UTC] correct email
[12-Dec-2017 07:11:02 UTC] salt:1337143080970045969
[12-Dec-2017 07:11:02 UTC] the i=1
[12-Dec-2017 07:11:02 UTC] prod pid=1 its qty=2 its $=376
[12-Dec-2017 07:11:02 UTC] the i=2
[12-Dec-2017 07:11:02 UTC] prod pid=2 its qty=1 its $=99
[12-Dec-2017 07:11:02 UTC] list_combine:1,2,2,1 pids=1,2 qtys=2,1 price=376,99
[12-Dec-2017 07:11:02 UTC] priceStr=376,99 ttprice=475
[12-Dec-2017 07:11:02 UTC] traction ID:12T84512DP236012U
[12-Dec-2017 07:11:02 UTC] 497653881-facilitator@qq.comLive-VERIFIED IPNmc_gross = 475.00

invoice = 126

protection_eligibility = Ineligible

address_status = confirmed

item_number1 = 1

item_number2 = 2

payer_id = VA2WTXUWRG39N

address_street = 71566176 Sky E137 S

payment_date = 23:10:51 Dec 11, 2017 PST

payment_status = Completed

charset = Big5

address_zip = W185744

first_name = test

mc_fee = 18.50

address_country_code = HK

address_name = buyer test

notify_version = 3.8

custom = 9a94c9d2cf91d8b6f8b5e97d327b2bc2285a8dc7

payer_status = verified

business = 497653881-facilitator@qq.com

address_country = Hong Kong

num_cart_items = 2

address_city = Posta

verify_sign = AWupihapJ55v4E8OFm29kEztHiEDADHG-vC27mCvIdkuHRXJ1Hi7prYN

payer_email = 497653881-buyer@qq.com

txn_id = 12T84512DP236012U

payment_type = instant

last_name = buyer

address_state = Libisia

item_name1 = PUBG

receiver_email = 497653881-facilitator@qq.com

item_name2 = CSGO

payment_fee = 

quantity1 = 2

quantity2 = 1

receiver_id = 7B8LTC6MYMVQA

txn_type = cart

mc_gross_1 = 376.00

mc_currency = HKD

mc_gross_2 = 99.00

residence_country = HK

test_ipn = 1

transaction_subject = 

payment_gross = 

ipn_track_id = 6210c5613abd7

\n\ncmd=_notify-validate&mc_gross=475.00&invoice=126&protection_eligibility=Ineligible&address_status=confirmed&item_number1=1&item_number2=2&payer_id=VA2WTXUWRG39N&address_street=71566176+Sky+E137+S&payment_date=23%3A10%3A51+Dec+11%2C+2017+PST&payment_status=Completed&charset=Big5&address_zip=W185744&first_name=test&mc_fee=18.50&address_country_code=HK&address_name=buyer+test&notify_version=3.8&custom=9a94c9d2cf91d8b6f8b5e97d327b2bc2285a8dc7&payer_status=verified&business=497653881-facilitator%40qq.com&address_country=Hong+Kong&num_cart_items=2&address_city=Posta&verify_sign=AWupihapJ55v4E8OFm29kEztHiEDADHG-vC27mCvIdkuHRXJ1Hi7prYN&payer_email=497653881-buyer%40qq.com&txn_id=12T84512DP236012U&payment_type=instant&last_name=buyer&address_state=Libisia&item_name1=PUBG&receiver_email=497653881-facilitator%40qq.com&item_name2=CSGO&payment_fee=&quantity1=2&quantity2=1&receiver_id=7B8LTC6MYMVQA&txn_type=cart&mc_gross_1=376.00&mc_currency=HKD&mc_gross_2=99.00&residence_country=HK&test_ipn=1&transaction_subject=&payment_gross=&ipn_track_id=6210c5613abd7
